<?xml version="1.0" encoding="UTF-8"?>
<coverage generated="1762817689142" clover="3.2.0">
  <project timestamp="1762817689143" name="All files">
    <metrics statements="10" coveredstatements="10" conditionals="7" coveredconditionals="7" methods="2" coveredmethods="2" elements="19" coveredelements="19" complexity="0" loc="10" ncloc="10" packages="1" files="1" classes="1"/>
    <file name="graph.js" path="C:\Users\carlo\IdeaProjects\booking-mx-testing\sprint-2-javascript\graph.js">
      <metrics statements="10" coveredstatements="10" conditionals="7" coveredconditionals="7" methods="2" coveredmethods="2"/>
      <line num="2" count="1" type="stmt"/>
      <line num="17" count="5" type="cond" truecount="4" falsecount="0"/>
      <line num="18" count="2" type="stmt"/>
      <line num="21" count="3" type="stmt"/>
      <line num="24" count="3" type="cond" truecount="2" falsecount="0"/>
      <line num="25" count="1" type="stmt"/>
      <line num="29" count="2" type="stmt"/>
      <line num="30" count="2" type="stmt"/>
      <line num="36" count="2" type="stmt"/>
      <line num="40" count="1" type="stmt"/>
    </file>
  </project>
</coverage>
