{"C:\\Users\\carlo\\IdeaProjects\\booking-mx-testing\\sprint-2-javascript\\graph.js": {"path":"C:\\Users\\carlo\\IdeaProjects\\booking-mx-testing\\sprint-2-javascript\\graph.js","statementMap":{"0":{"start":{"line":2,"column":17},"end":{"line":7,"column":1}},"1":{"start":{"line":17,"column":4},"end":{"line":19,"column":5}},"2":{"start":{"line":18,"column":8},"end":{"line":18,"column":67}},"3":{"start":{"line":21,"column":17},"end":{"line":21,"column":38}},"4":{"start":{"line":24,"column":4},"end":{"line":26,"column":5}},"5":{"start":{"line":25,"column":8},"end":{"line":25,"column":18}},"6":{"start":{"line":29,"column":19},"end":{"line":34,"column":6}},"7":{"start":{"line":30,"column":8},"end":{"line":33,"column":10}},"8":{"start":{"line":36,"column":4},"end":{"line":36,"column":18}},"9":{"start":{"line":40,"column":0},"end":{"line":40,"column":33}}},"fnMap":{"0":{"name":"getNearbyCities","decl":{"start":{"line":15,"column":9},"end":{"line":15,"column":24}},"loc":{"start":{"line":15,"column":59},"end":{"line":37,"column":1}},"line":15},"1":{"name":"(anonymous_1)","decl":{"start":{"line":29,"column":53},"end":{"line":29,"column":54}},"loc":{"start":{"line":29,"column":65},"end":{"line":34,"column":5}},"line":29}},"branchMap":{"0":{"loc":{"start":{"line":15,"column":38},"end":{"line":15,"column":57}},"type":"default-arg","locations":[{"start":{"line":15,"column":49},"end":{"line":15,"column":57}}],"line":15},"1":{"loc":{"start":{"line":17,"column":4},"end":{"line":19,"column":5}},"type":"if","locations":[{"start":{"line":17,"column":4},"end":{"line":19,"column":5}},{"start":{},"end":{}}],"line":17},"2":{"loc":{"start":{"line":17,"column":8},"end":{"line":17,"column":55}},"type":"binary-expr","locations":[{"start":{"line":17,"column":8},"end":{"line":17,"column":20}},{"start":{"line":17,"column":24},"end":{"line":17,"column":55}}],"line":17},"3":{"loc":{"start":{"line":24,"column":4},"end":{"line":26,"column":5}},"type":"if","locations":[{"start":{"line":24,"column":4},"end":{"line":26,"column":5}},{"start":{},"end":{}}],"line":24}},"s":{"0":1,"1":5,"2":2,"3":3,"4":3,"5":1,"6":2,"7":2,"8":2,"9":1},"f":{"0":5,"1":2},"b":{"0":[4],"1":[2,3],"2":[5,4],"3":[1,2]},"_coverageSchema":"1a1c01bbd47fc00a2c39e90264f33305004495a9","hash":"03aa55419bdbdaf1f334b98817a48824c174691c"}
}
